<?xml version="1.0" encoding="UTF-8"?>
<testsuite xmlns:xsi="http://www.w3.org/2001/XMLSchema-instance" xsi:noNamespaceSchemaLocation="https://maven.apache.org/surefire/maven-surefire-plugin/xsd/surefire-test-report.xsd" version="3.0.2" name="com.nifilili.project.ProjectApplicationTests" time="2.129" tests="1" errors="0" skipped="0" failures="0">
  <properties>
[...]
</properties>
  <testcase name="contextLoads" classname="com.nifilili.project.ProjectApplicationTests" time="0.241">
    <system-out><![CDATA[16:12:25.492 [main] INFO org.springframework.test.context.support.AnnotationConfigContextLoaderUtils -- Could not detect default configuration classes for test class [com.nifilili.project.ProjectApplicationTests]: ProjectApplicationTests does not declare any static, non-private, non-final, nested classes annotated with @Configuration.
16:12:25.541 [main] INFO org.springframework.boot.test.context.SpringBootTestContextBootstrapper -- Found @SpringBootConfiguration com.nifilili.ProjectApplication for test class com.nifilili.project.ProjectApplicationTests

  .   ____          _            __ _ _
 /\\ / ___'_ __ _ _(_)_ __  __ _ \ \ \ \
( ( )\___ | '_ | '_| | '_ \/ _` | \ \ \ \
 \\/  ___)| |_)| | | | | || (_| |  ) ) ) )
  '  |____| .__|_| |_|_| |_\__, | / / / /
 =========|_|==============|___/=/_/_/_/

 :: Spring Boot ::                (v3.5.7)

2025-12-30T16:12:25.711+05:30  INFO 19047 --- [nifilili] [           main] c.n.project.ProjectApplicationTests      : Starting ProjectApplicationTests using Java 21.0.8 with PID 19047 (started by sayedmuddassirhussain in /Users/sayedmuddassirhussain/Library/CloudStorage/OneDrive-Nagarro/Desktop/Personal Projects/Nifilili)
2025-12-30T16:12:25.712+05:30  INFO 19047 --- [nifilili] [           main] c.n.project.ProjectApplicationTests      : No active profile set, falling back to 1 default profile: "default"
2025-12-30T16:12:26.005+05:30  INFO 19047 --- [nifilili] [           main] .s.d.r.c.RepositoryConfigurationDelegate : Bootstrapping Spring Data JPA repositories in DEFAULT mode.
2025-12-30T16:12:26.038+05:30  INFO 19047 --- [nifilili] [           main] .s.d.r.c.RepositoryConfigurationDelegate : Finished Spring Data repository scanning in 29 ms. Found 9 JPA repository interfaces.
2025-12-30T16:12:26.202+05:30  INFO 19047 --- [nifilili] [           main] com.zaxxer.hikari.HikariDataSource       : HikariPool-1 - Starting...
2025-12-30T16:12:26.248+05:30  INFO 19047 --- [nifilili] [           main] com.zaxxer.hikari.pool.HikariPool        : HikariPool-1 - Added connection org.postgresql.jdbc.PgConnection@6a8a551e
2025-12-30T16:12:26.249+05:30  INFO 19047 --- [nifilili] [           main] com.zaxxer.hikari.HikariDataSource       : HikariPool-1 - Start completed.
2025-12-30T16:12:26.260+05:30  INFO 19047 --- [nifilili] [           main] org.flywaydb.core.FlywayExecutor         : Database: jdbc:postgresql://localhost:5432/nifilili_db (PostgreSQL 15.14)
2025-12-30T16:12:26.286+05:30  INFO 19047 --- [nifilili] [           main] o.f.core.internal.command.DbValidate     : Successfully validated 5 migrations (execution time 00:00.013s)
2025-12-30T16:12:26.297+05:30  INFO 19047 --- [nifilili] [           main] o.f.core.internal.command.DbMigrate      : Current version of schema "public": 5
2025-12-30T16:12:26.298+05:30  INFO 19047 --- [nifilili] [           main] o.f.core.internal.command.DbMigrate      : Schema "public" is up to date. No migration necessary.
2025-12-30T16:12:26.333+05:30  INFO 19047 --- [nifilili] [           main] o.hibernate.jpa.internal.util.LogHelper  : HHH000204: Processing PersistenceUnitInfo [name: default]
2025-12-30T16:12:26.358+05:30  INFO 19047 --- [nifilili] [           main] org.hibernate.Version                    : HHH000412: Hibernate ORM core version 6.6.33.Final
2025-12-30T16:12:26.371+05:30  INFO 19047 --- [nifilili] [           main] o.h.c.internal.RegionFactoryInitiator    : HHH000026: Second-level cache disabled
2025-12-30T16:12:26.507+05:30  INFO 19047 --- [nifilili] [           main] o.s.o.j.p.SpringPersistenceUnitInfo      : No LoadTimeWeaver setup: ignoring JPA class transformer
2025-12-30T16:12:26.538+05:30  INFO 19047 --- [nifilili] [           main] org.hibernate.orm.connections.pooling    : HHH10001005: Database info:
	Database JDBC URL [Connecting through datasource 'HikariDataSource (HikariPool-1)']
	Database driver: undefined/unknown
	Database version: 15.14
	Autocommit mode: undefined/unknown
	Isolation level: undefined/unknown
	Minimum pool size: undefined/unknown
	Maximum pool size: undefined/unknown
2025-12-30T16:12:26.915+05:30  INFO 19047 --- [nifilili] [           main] o.h.e.t.j.p.i.JtaPlatformInitiator       : HHH000489: No JTA platform available (set 'hibernate.transaction.jta.platform' to enable JTA platform integration)
2025-12-30T16:12:26.940+05:30  INFO 19047 --- [nifilili] [           main] j.LocalContainerEntityManagerFactoryBean : Initialized JPA EntityManagerFactory for persistence unit 'default'
2025-12-30T16:12:27.161+05:30  WARN 19047 --- [nifilili] [           main] JpaBaseConfiguration$JpaWebConfiguration : spring.jpa.open-in-view is enabled by default. Therefore, database queries may be performed during view rendering. Explicitly configure spring.jpa.open-in-view to disable this warning
2025-12-30T16:12:27.309+05:30  INFO 19047 --- [nifilili] [           main] c.n.project.ProjectApplicationTests      : Started ProjectApplicationTests in 1.719 seconds (process running for 2.194)
]]></system-out>
    <system-err><![CDATA[Mockito is currently self-attaching to enable the inline-mock-maker. This will no longer work in future releases of the JDK. Please add Mockito as an agent to your build as described in Mockito's documentation: https://javadoc.io/doc/org.mockito/mockito-core/latest/org.mockito/org/mockito/Mockito.html#0.3
WARNING: A Java agent has been loaded dynamically (/Users/sayedmuddassirhussain/.m2/personal/repository/net/bytebuddy/byte-buddy-agent/1.17.8/byte-buddy-agent-1.17.8.jar)
WARNING: If a serviceability tool is in use, please run with -XX:+EnableDynamicAgentLoading to hide this warning
WARNING: If a serviceability tool is not in use, please run with -Djdk.instrument.traceUsage for more information
WARNING: Dynamic loading of agents will be disallowed by default in a future release
]]></system-err>
  </testcase>
</testsuite>